<?xml version="1.0" encoding="UTF-8"?>
<testng-results ignored="0" total="1" passed="1" failed="0" skipped="0">
  <reporter-output>
  </reporter-output>
  <suite started-at="2023-11-28T13:35:59 GMT" name="Default suite" finished-at="2023-11-28T13:36:05 GMT" duration-ms="6075">
    <groups>
    </groups>
    <test started-at="2023-11-28T13:35:59 GMT" name="Default test" finished-at="2023-11-28T13:36:05 GMT" duration-ms="6075">
      <class name="testPackage.devtoolProtocol">
        <test-method is-config="true" signature="setup()[pri:0, instance:testPackage.devtoolProtocol@62230c58]" started-at="2023-11-28T13:35:59 GMT" name="setup" finished-at="2023-11-28T13:36:02 GMT" duration-ms="2285" status="PASS">
          <reporter-output>
          </reporter-output>
        </test-method> <!-- setup -->
        <test-method signature="geoLocation()[pri:0, instance:testPackage.devtoolProtocol@62230c58]" started-at="2023-11-28T13:36:02 GMT" name="geoLocation" finished-at="2023-11-28T13:36:05 GMT" duration-ms="3747" status="PASS">
          <reporter-output>
          </reporter-output>
        </test-method> <!-- geoLocation -->
      </class> <!-- testPackage.devtoolProtocol -->
    </test> <!-- Default test -->
  </suite> <!-- Default suite -->
</testng-results>
